<?xml version="1.0" encoding="UTF-8"?>
<!-- Generated by org.testng.reporters.JUnitReportReporter -->
<testsuite hostname="LAPTOP-V8I1T5HB" failures="0" tests="2" name="com.crm.qa.testdata.LoginPageTest" time="12.660" errors="0" timestamp="2021-11-26T17:21:12 IST" skipped="0">
  <testcase classname="com.crm.qa.testdata.LoginPageTest" name="LoginPageTitleTest" time="3.924"/>
  <system-out/>
  <testcase classname="com.crm.qa.testdata.LoginPageTest" name="loginTest" time="8.736"/>
  <system-out/>
</testsuite> <!-- com.crm.qa.testdata.LoginPageTest -->
