<?xml version="1.0" encoding="UTF-8"?>
<!-- Generated by org.testng.reporters.JUnitReportReporter -->
<testsuite hostname="LAPTOP-V8I1T5HB" failures="0" tests="4" name="com.crm.qa.testcases.HomePageTest" time="28.534" errors="0" timestamp="2021-11-28T01:40:24 IST" skipped="0">
  <testcase classname="com.crm.qa.testcases.HomePageTest" name="headerImageTest" time="8.040"/>
  <system-out/>
  <testcase classname="com.crm.qa.testcases.HomePageTest" name="userNameLabelTest" time="7.482"/>
  <system-out/>
  <testcase classname="com.crm.qa.testcases.HomePageTest" name="contactsPageTest" time="6.952"/>
  <system-out/>
  <testcase classname="com.crm.qa.testcases.HomePageTest" name="dealsPageTest" time="6.060"/>
  <system-out/>
</testsuite> <!-- com.crm.qa.testcases.HomePageTest -->
