<?xml version="1.0" encoding="UTF-8"?>
<!-- Generated by org.testng.reporters.JUnitReportReporter -->
<testsuite hostname="LAPTOP-V8I1T5HB" failures="0" tests="2" name="com.crm.qa.testdata.ContactsPageTest" time="12.177" errors="0" timestamp="2021-11-27T01:16:44 IST" skipped="0">
  <testcase classname="com.crm.qa.testdata.ContactsPageTest" name="contactsPageLabelTest" time="5.766"/>
  <system-out/>
  <testcase classname="com.crm.qa.testdata.ContactsPageTest" name="selectContactsByEmailTest" time="6.411"/>
  <system-out/>
</testsuite> <!-- com.crm.qa.testdata.ContactsPageTest -->
