<?xml version="1.0" encoding="UTF-8"?>
<!-- Generated by org.testng.reporters.JUnitReportReporter -->
<testsuite hostname="LAPTOP-V8I1T5HB" failures="0" tests="2" name="com.crm.qa.testcases.LoginPageTest" time="9.182" errors="0" timestamp="2021-11-28T01:40:24 IST" skipped="0">
  <testcase classname="com.crm.qa.testcases.LoginPageTest" name="LoginPageTitleTest" time="4.258"/>
  <system-out/>
  <testcase classname="com.crm.qa.testcases.LoginPageTest" name="loginTest" time="4.924"/>
  <system-out/>
</testsuite> <!-- com.crm.qa.testcases.LoginPageTest -->
