<?xml version="1.0" encoding="UTF-8"?>
<!-- Generated by org.testng.reporters.JUnitReportReporter -->
<testsuite hostname="LAPTOP-V8I1T5HB" failures="0" tests="3" name="com.crm.qa.testdata.HomePageTest" time="23.507" errors="0" timestamp="2021-11-26T22:46:21 IST" skipped="0">
  <testcase classname="com.crm.qa.testdata.HomePageTest" name="headerImageTest" time="8.840"/>
  <system-out/>
  <testcase classname="com.crm.qa.testdata.HomePageTest" name="userNameLabelTest" time="6.775"/>
  <system-out/>
  <testcase classname="com.crm.qa.testdata.HomePageTest" name="contactsPageTest" time="7.892"/>
  <system-out/>
</testsuite> <!-- com.crm.qa.testdata.HomePageTest -->
